=========================
[debug] Login CAS Success...
[debug] Form Loaded...
[debug] Checkbox Checked...
[debug] Form Submitted...
[debug] 平安行动:填报健康信息(已完成)
[info] Checkin Success!
[info] End at 2021-08-11 20:18:50 +0800.
=========================
[info] Log Sent at 2021-08-11 20:18:56 Wednesday
=========================

=========================
[debug] Login CAS Success...
[debug] Form Loaded...
[debug] Checkbox Checked...
[debug] Form Submitted...
[debug] 平安行动:填报健康信息(已完成)
[info] Checkin Success!
[info] End at 2021-08-12 07:35:06 +0800.
=========================
[info] Log Sent at 2021-08-12 07:35:08 Thursday
=========================

